<?xml version="1.0" encoding="UTF-8"?>
<testsuite name="com.project.MoviesListTest" tests="1" skipped="0" failures="0" errors="0" timestamp="2023-03-11T11:51:41" hostname="PHANI" time="0.016">
  <properties/>
  <testcase name="getFavMovieList3" classname="com.project.MoviesListTest" time="0.016"/>
  <system-out><![CDATA[]]></system-out>
  <system-err><![CDATA[]]></system-err>
</testsuite>
