<?xml version="1.0" encoding="UTF-8"?>
<testsuite name="com.project.MoviesListTest" tests="1" skipped="0" failures="0" errors="0" timestamp="2023-03-11T11:27:30" hostname="PHANI" time="0.0">
  <properties/>
  <testcase name="getFavMovieList" classname="com.project.MoviesListTest" time="0.0"/>
  <system-out><![CDATA[]]></system-out>
  <system-err><![CDATA[]]></system-err>
</testsuite>
