<?xml version="1.0" encoding="UTF-8"?>
<testsuite name="com.project.MoviesListTest" tests="1" skipped="0" failures="0" errors="0" timestamp="2023-03-13T10:43:54" hostname="PHANI" time="0.008">
  <properties/>
  <testcase name="removeFirstMovieFromList" classname="com.project.MoviesListTest" time="0.008"/>
  <system-out><![CDATA[]]></system-out>
  <system-err><![CDATA[]]></system-err>
</testsuite>
